\BOOKMARK [1][-]{section.1}{Introduction}{}% 1
\BOOKMARK [1][-]{section.2}{Feature Extraction}{}% 2
\BOOKMARK [2][-]{subsection.2.1}{Dataset}{section.2}% 3
\BOOKMARK [2][-]{subsection.2.2}{Word2vec}{section.2}% 4
\BOOKMARK [3][-]{subsubsection.2.2.1}{One-hot Coding}{subsection.2.2}% 5
\BOOKMARK [3][-]{subsubsection.2.2.2}{CBOW Model}{subsection.2.2}% 6
\BOOKMARK [3][-]{subsubsection.2.2.3}{N-gram Model}{subsection.2.2}% 7
\BOOKMARK [2][-]{subsection.2.3}{Paragraph Vectorization}{section.2}% 8
\BOOKMARK [1][-]{section.3}{Model for Prediction}{}% 9
\BOOKMARK [2][-]{subsection.3.1}{Logistic Regression}{section.3}% 10
\BOOKMARK [2][-]{subsection.3.2}{Naive Bayes}{section.3}% 11
\BOOKMARK [2][-]{subsection.3.3}{Support Vector Regreesion}{section.3}% 12
\BOOKMARK [2][-]{subsection.3.4}{Neural Network}{section.3}% 13
\BOOKMARK [3][-]{subsubsection.3.4.1}{Simple Sequential Network}{subsection.3.4}% 14
\BOOKMARK [3][-]{subsubsection.3.4.2}{LSTM Recurrent Network}{subsection.3.4}% 15
\BOOKMARK [2][-]{subsection.3.5}{XGBoost}{section.3}% 16
\BOOKMARK [1][-]{section.4}{Experiments and Results}{}% 17
\BOOKMARK [1][-]{section.5}{Conclusion}{}% 18
\BOOKMARK [1][-]{section.6}{Discussion}{}% 19
\BOOKMARK [1][-]{section.7}{Reference}{}% 20
\BOOKMARK [1][-]{section.8}{Supplementar Materials}{}% 21
\BOOKMARK [2][-]{subsection.8.1}{Related Works}{section.8}% 22
\BOOKMARK [3][-]{subsubsection.8.1.1}{Original Experiment Data}{subsection.8.1}% 23
\BOOKMARK [1][-]{section.9}{Contribution}{}% 24
